<?xml version="1.0" encoding="UTF-8"?>
<!-- Generated by org.testng.reporters.JUnitReportReporter -->
<testsuite skipped="0" hostname="DESKTOP-03T31AH" name="paypal.PostProductCreation" tests="1" failures="0" timestamp="2020-06-05T18:56:42 IST" time="9.818" errors="0">
  <testcase name="CreateMultipleProducts" time="9.818" classname="paypal.PostProductCreation"/>
  <system-out/>
</testsuite> <!-- paypal.PostProductCreation -->
