<?xml version="1.0" encoding="UTF-8"?>
<!-- Generated by org.testng.reporters.JUnitReportReporter -->
<testsuite skipped="0" hostname="DESKTOP-03T31AH" name="covidAPI.Response_of_Current_country" tests="1" failures="0" timestamp="2020-06-04T20:49:12 IST" time="6.573" errors="0">
  <testcase name="getResponseBaseOnCountry" time="6.573" classname="covidAPI.Response_of_Current_country"/>
  <system-out/>
</testsuite> <!-- covidAPI.Response_of_Current_country -->
