<?xml version="1.0" encoding="UTF-8"?>
<!-- Generated by org.testng.reporters.JUnitReportReporter -->
<testsuite skipped="0" hostname="DESKTOP-03T31AH" name="covidAPI.Top5CountriesWithHighestNewCases" tests="1" failures="0" timestamp="2020-06-05T18:43:15 IST" time="7.350" errors="0">
  <testcase name="Top5CountriesWithHighestNewCases" time="7.350" classname="covidAPI.Top5CountriesWithHighestNewCases"/>
  <system-out/>
</testsuite> <!-- covidAPI.Top5CountriesWithHighestNewCases -->
